2026-04-06 12:32:54.123 20203-20203 AndroidRuntime          com.musheer360.swiftslate            E  FATAL EXCEPTION: main
                                                                                                    Process: com.musheer360.swiftslate, PID: 20203
                                                                                                    java.lang.RuntimeException: Failure delivering result ResultInfo{who=null, request=915285518, result=-1, data=Intent { dat=content://com.android.externalstorage.documents/... flg=0x1 }} to activity {com.musheer360.swiftslate/com.musheer360.swiftslate.MainActivity}: java.lang.SecurityException: No persistable permission grants found for UID 10204 and Uri content://com.android.externalstorage.documents/...
                                                                                                    	at android.app.ActivityThread.deliverResults(ActivityThread.java:5335)
                                                                                                    	at android.app.ActivityThread.handleSendResult(ActivityThread.java:5374)
                                                                                                    	at android.app.servertransaction.ActivityResultItem.execute(ActivityResultItem.java:67)
                                                                                                    	at android.app.servertransaction.ActivityTransactionItem.execute(ActivityTransactionItem.java:45)
                                                                                                    	at android.app.servertransaction.TransactionExecutor.executeCallbacks(TransactionExecutor.java:138)
                                                                                                    	at android.app.servertransaction.TransactionExecutor.execute(TransactionExecutor.java:95)
                                                                                                    	at android.app.ActivityThread$H.handleMessage(ActivityThread.java:2303)
                                                                                                    	at android.os.Handler.dispatchMessage(Handler.java:106)
                                                                                                    	at android.os.Looper.loopOnce(Looper.java:201)
                                                                                                    	at android.os.Looper.loop(Looper.java:288)
                                                                                                    	at android.app.ActivityThread.main(ActivityThread.java:7884)
                                                                                                    	at java.lang.reflect.Method.invoke(Native Method)
                                                                                                    	at com.android.internal.os.RuntimeInit$MethodAndArgsCaller.run(RuntimeInit.java:548)
                                                                                                    	at com.android.internal.os.ZygoteInit.main(ZygoteInit.java:936)
                                                                                                    Caused by: java.lang.SecurityException: No persistable permission grants found for UID 10204 and Uri content://com.android.externalstorage.documents/...
                                                                                                    	at android.os.Parcel.createExceptionOrNull(Parcel.java:3011)
                                                                                                    	at android.os.Parcel.createException(Parcel.java:2995)
                                                                                                    	at android.os.Parcel.readException(Parcel.java:2978)
                                                                                                    	at android.os.Parcel.readException(Parcel.java:2920)
                                                                                                    	at android.app.IUriGrantsManager$Stub$Proxy.takePersistableUriPermission(IUriGrantsManager.java:249)
                                                                                                    	at android.content.ContentResolver.takePersistableUriPermission(ContentResolver.java:2936)
                                                                                                    	at com.musheer360.swiftslate.ui.DashboardScreenKt.DashboardScreen$lambda$26$0(DashboardScreen.kt:97)
                                                                                                    	at com.musheer360.swiftslate.ui.DashboardScreenKt.$r8$lambda$ibrGZktukspSzHWCIxHE8ZNLRTA(Unknown Source:0)
                                                                                                    	at com.musheer360.swiftslate.ui.DashboardScreenKt$$ExternalSyntheticLambda5.invoke(D8$$SyntheticClass:0)
                                                                                                    	at androidx.activity.compose.ActivityResultRegistryKt.rememberLauncherForActivityResult$lambda$4$0$0(ActivityResultRegistry.kt:104)
                                                                                                    	at androidx.activity.compose.ActivityResultRegistryKt.$r8$lambda$3CvmGOvkwZLY6ksF4ULs20ma2UE(Unknown Source:0)
                                                                                                    	at androidx.activity.compose.ActivityResultRegistryKt$$ExternalSyntheticLambda2.onActivityResult(D8$$SyntheticClass:0)
                                                                                                    	at androidx.activity.result.ActivityResultRegistry.doDispatch(ActivityResultRegistry.kt:350)
                                                                                                    	at androidx.activity.result.ActivityResultRegistry.dispatchResult(ActivityResultRegistry.kt:311)
                                                                                                    	at androidx.activity.ComponentActivity.onActivityResult(ComponentActivity.kt:775)
                                                                                                    	at android.app.Activity.dispatchActivityResult(Activity.java:8664)
                                                                                                    	at android.app.ActivityThread.deliverResults(ActivityThread.java:5328)
                                                                                                    	at android.app.ActivityThread.handleSendResult(ActivityThread.java:5374) 
                                                                                                    	at android.app.servertransaction.ActivityResultItem.execute(ActivityResultItem.java:67) 
                                                                                                    	at android.app.servertransaction.ActivityTransactionItem.execute(ActivityTransactionItem.java:45) 
                                                                                                    	at android.app.servertransaction.TransactionExecutor.executeCallbacks(TransactionExecutor.java:138) 
                                                                                                    	at android.app.servertransaction.TransactionExecutor.execute(TransactionExecutor.java:95) 
                                                                                                    	at android.app.ActivityThread$H.handleMessage(ActivityThread.java:2303) 
                                                                                                    	at android.os.Handler.dispatchMessage(Handler.java:106) 
                                                                                                    	at android.os.Looper.loopOnce(Looper.java:201) 
                                                                                                    	at android.os.Looper.loop(Looper.java:288) 
                                                                                                    	at android.app.ActivityThread.main(ActivityThread.java:7884) 
                                                                                                    	at java.lang.reflect.Method.invoke(Native Method) 
                                                                                                    	at com.android.internal.os.RuntimeInit$MethodAndArgsCaller.run(RuntimeInit.java:548) 
                                                                                                    	at com.android.internal.os.ZygoteInit.main(ZygoteInit.java:936) 
                                                                                                    Caused by: android.os.RemoteException: Remote stack trace:
                                                                                                    	at com.android.server.uri.UriGrantsManagerService.takePersistableUriPermission(UriGrantsManagerService.java:376)
                                                                                                    	at android.app.IUriGrantsManager$Stub.onTransact(IUriGrantsManager.java:139)
                                                                                                    	at android.os.Binder.execTransactInternal(Binder.java:1280)
                                                                                                    	at android.os.Binder.execTransact(Binder.java:1244)
